<?xml version="1.0" encoding="UTF-8"?>
<!-- Generated by org.testng.reporters.JUnitReportReporter -->
<testsuite hostname="Ram1990" failures="0" tests="1" name="testCases.TC01_AccountRegistrationTest" time="3.280" errors="0" timestamp="2024-08-28T21:19:23 EDT" skipped="0">
  <testcase classname="testCases.TC01_AccountRegistrationTest" name="verify_account_registration" time="3.280"/>
</testsuite> <!-- testCases.TC01_AccountRegistrationTest -->
