<?xml version="1.0" encoding="UTF-8"?>
<!-- Generated by org.testng.reporters.JUnitReportReporter -->
<testsuite hostname="Ram1990" failures="0" tests="1" name="testCases.TC02_LoginTest" time="1.812" errors="0" timestamp="2024-09-02T13:06:24 EDT" skipped="0">
  <testcase classname="testCases.TC02_LoginTest" name="verify_Login" time="1.812"/>
</testsuite> <!-- testCases.TC02_LoginTest -->
